[2026-02-12 10:52:30][ERROR][tid=130561115526976] SDL_GetWindowWMInfo failed: That operation is not supported
[2026-02-12 10:53:04][ERROR][tid=131457402664768] SDL_GetWindowWMInfo failed: That operation is not supported
[2026-02-12 10:53:04][WARN][tid=131457402664768] Falling back to no-renderer mode for this run.
[2026-02-12 10:53:04][INFO][tid=131457402664768] Main loop started.
[2026-02-12 10:53:07][INFO][tid=131457402664768] Main loop ended.
[2026-02-12 10:53:07][INFO][tid=131457402664768] Clean shutdown completed.
[2026-02-12 11:01:31][ERROR][tid=138316302485312] SDL_GetWindowWMInfo failed: That operation is not supported
[2026-02-12 11:01:31][WARN][tid=138316302485312] Falling back to no-renderer mode for this run.
[2026-02-12 11:01:31][INFO][tid=138316302485312] Main loop started.
[2026-02-12 11:01:57][INFO][tid=138316302485312] Main loop ended.
[2026-02-12 11:01:57][INFO][tid=138316302485312] Clean shutdown completed.
[2026-02-12 11:01:57][ERROR][tid=138766523152192] SDL_GetWindowWMInfo failed: That operation is not supported
[2026-02-12 11:01:57][WARN][tid=138766523152192] Falling back to no-renderer mode for this run.
[2026-02-12 11:01:57][INFO][tid=138766523152192] Main loop started.
[2026-02-12 11:01:58][INFO][tid=138766523152192] Main loop ended.
[2026-02-12 11:01:58][INFO][tid=138766523152192] Clean shutdown completed.
[2026-02-12 11:08:10][ERROR][tid=139238491465536] SDL_GetWindowWMInfo failed: That operation is not supported
[2026-02-12 11:08:10][WARN][tid=139238491465536] Falling back to no-renderer mode for this run.
[2026-02-12 11:08:10][INFO][tid=139238491465536] Main loop started.
[2026-02-12 11:08:18][INFO][tid=139238491465536] Main loop ended.
[2026-02-12 11:08:18][INFO][tid=139238491465536] Clean shutdown completed.
[2026-02-12 11:12:03][WARN][tid=124363775749760] Running without bgfx. Install bgfx and configure CMake with vcpkg toolchain to enable renderer.
[2026-02-12 11:12:03][INFO][tid=124363775749760] Main loop started.
[2026-02-12 11:14:27][INFO][tid=124363775749760] Main loop ended.
[2026-02-12 11:14:27][INFO][tid=124363775749760] Clean shutdown completed.
[2026-02-12 11:20:32][ERROR][tid=132396279068480] SDL_GetWindowWMInfo failed: That operation is not supported
[2026-02-12 11:20:32][WARN][tid=132396279068480] Falling back to no-renderer mode for this run.
[2026-02-12 11:20:32][INFO][tid=132396279068480] Main loop started.
[2026-02-12 11:22:05][INFO][tid=132396279068480] Main loop ended.
[2026-02-12 11:22:05][INFO][tid=132396279068480] Clean shutdown completed.
[2026-02-12 11:22:05][ERROR][tid=128572715996992] SDL_GetWindowWMInfo failed: That operation is not supported
[2026-02-12 11:22:05][WARN][tid=128572715996992] Falling back to no-renderer mode for this run.
[2026-02-12 11:22:05][INFO][tid=128572715996992] Main loop started.
[2026-02-12 11:22:06][INFO][tid=128572715996992] Main loop ended.
[2026-02-12 11:22:06][INFO][tid=128572715996992] Clean shutdown completed.
[2026-02-12 11:22:17][ERROR][tid=132163818112832] SDL_GetWindowWMInfo failed: That operation is not supported
[2026-02-12 11:22:17][WARN][tid=132163818112832] Falling back to no-renderer mode for this run.
[2026-02-12 11:22:17][INFO][tid=132163818112832] Main loop started.
